#
# There is insufficient memory for the Java Runtime Environment to continue.
# Native memory allocation (mmap) failed to map 15728640 bytes. Error detail: G1 virtual space
# Possible reasons:
#   The system is out of physical RAM or swap space
#   This process is running with CompressedOops enabled, and the Java Heap may be blocking the growth of the native heap
# Possible solutions:
#   Reduce memory load on the system
#   Increase physical memory or swap space
#   Check if swap backing store is full
#   Decrease Java heap size (-Xmx/-Xms)
#   Decrease number of Java threads
#   Decrease Java thread stack sizes (-Xss)
#   Set larger code cache with -XX:ReservedCodeCacheSize=
#   JVM is running with Unscaled Compressed Oops mode in which the Java heap is
#     placed in the first 4GB address space. The Java Heap base address is the
#     maximum limit for the native heap growth. Please use -XX:HeapBaseMinAddress
#     to set the Java Heap base and to place the Java Heap above 4GB virtual address.
# This output file may be truncated or incomplete.
#
#  Out of Memory Error (os_windows.cpp:3828), pid=9400, tid=10632
#
# JRE version: OpenJDK Runtime Environment (21.0.5) (build 21.0.5+-13047016-b750.29)
# Java VM: OpenJDK 64-Bit Server VM (21.0.5+-13047016-b750.29, mixed mode, tiered, compressed oops, compressed class ptrs, g1 gc, windows-amd64)
# No core dump will be written. Minidumps are not enabled by default on client versions of Windows
#

---------------  S U M M A R Y ------------

Command Line: --add-opens=java.base/java.lang=ALL-UNNAMED --add-opens=java.base/java.lang.invoke=ALL-UNNAMED --add-opens=java.base/java.util=ALL-UNNAMED --add-opens=java.prefs/java.util.prefs=ALL-UNNAMED --add-exports=jdk.compiler/com.sun.tools.javac.api=ALL-UNNAMED --add-exports=jdk.compiler/com.sun.tools.javac.util=ALL-UNNAMED --add-opens=java.base/java.util=ALL-UNNAMED --add-opens=java.prefs/java.util.prefs=ALL-UNNAMED --add-opens=java.base/java.nio.charset=ALL-UNNAMED --add-opens=java.base/java.net=ALL-UNNAMED --add-opens=java.base/java.util.concurrent.atomic=ALL-UNNAMED --add-opens=java.xml/javax.xml.namespace=ALL-UNNAMED -Xmx2048m -Dfile.encoding=UTF-8 -Duser.country=BR -Duser.language=pt -Duser.variant -javaagent:C:\Users\Profissional\.gradle\wrapper\dists\gradle-8.11.1-bin\bpt9gzteqjrbo1mjrsomdt32c\gradle-8.11.1\lib\agents\gradle-instrumentation-agent-8.11.1.jar org.gradle.launcher.daemon.bootstrap.GradleDaemon 8.11.1

Host: Intel(R) Core(TM) i3-5005U CPU @ 2.00GHz, 4 cores, 3G,  Windows 10 , 64 bit Build 19041 (10.0.19041.5915)
Time: Sat Jun  7 07:39:56 2025 Hora oficial do Brasil elapsed time: 53.543749 seconds (0d 0h 0m 53s)

---------------  T H R E A D  ---------------

Current thread (0x0000016e23ff37a0):  VMThread "VM Thread"          [id=10632, stack(0x0000003b90c00000,0x0000003b90d00000) (1024K)]

Stack: [0x0000003b90c00000,0x0000003b90d00000]
Native frames: (J=compiled Java code, j=interpreted, Vv=VM code, C=native code)
V  [jvm.dll+0x6cfb29]
V  [jvm.dll+0x85df93]
V  [jvm.dll+0x8604ee]
V  [jvm.dll+0x860bd3]
V  [jvm.dll+0x27e6b6]
V  [jvm.dll+0x6cc385]
V  [jvm.dll+0x6c078a]
V  [jvm.dll+0x35525b]
V  [jvm.dll+0x35ceb6]
V  [jvm.dll+0x3aedd6]
V  [jvm.dll+0x3af0a8]
V  [jvm.dll+0x32792c]
V  [jvm.dll+0x32a336]
V  [jvm.dll+0x33426d]
V  [jvm.dll+0x36b8e5]
V  [jvm.dll+0x866958]
V  [jvm.dll+0x867cd4]
V  [jvm.dll+0x868210]
V  [jvm.dll+0x8684a3]
V  [jvm.dll+0x806368]
V  [jvm.dll+0x6ce3fd]
C  [ucrtbase.dll+0x21bb2]
C  [KERNEL32.DLL+0x17374]
C  [ntdll.dll+0x4cc91]

VM_Operation (0x0000003b907ffa40): G1PauseRemark, mode: safepoint, requested by thread 0x0000016e0d207810


---------------  P R O C E S S  ---------------

Threads class SMR info:
_java_thread_list=0x0000016e2a6ba9b0, length=36, elements={
0x0000016e0d1a1340, 0x0000016e24297540, 0x0000016e2403b270, 0x0000016e2403e590,
0x0000016e24280450, 0x0000016e24281640, 0x0000016e24284840, 0x0000016e2429b6a0,
0x0000016e242a2540, 0x0000016e2433af60, 0x0000016e2451eaf0, 0x0000016e24446ca0,
0x0000016e244479c0, 0x0000016e24448050, 0x0000016e24446610, 0x0000016e24444bd0,
0x0000016e24445260, 0x0000016e24447330, 0x0000016e244458f0, 0x0000016e24445f80,
0x0000016e243f6ba0, 0x0000016e243fce10, 0x0000016e243f7230, 0x0000016e243f9990,
0x0000016e243fb3d0, 0x0000016e243fa6b0, 0x0000016e243f8c70, 0x0000016e243f9300,
0x0000016e243f5e80, 0x0000016e243fc780, 0x0000016e243f78c0, 0x0000016e243f7f50,
0x0000016e243f85e0, 0x0000016e243fa020, 0x0000016e243fad40, 0x0000016e243fd4a0
}

Java Threads: ( => current thread )
  0x0000016e0d1a1340 JavaThread "main"                              [_thread_blocked, id=708, stack(0x0000003b90500000,0x0000003b90600000) (1024K)]
  0x0000016e24297540 JavaThread "Reference Handler"          daemon [_thread_blocked, id=2808, stack(0x0000003b90d00000,0x0000003b90e00000) (1024K)]
  0x0000016e2403b270 JavaThread "Finalizer"                  daemon [_thread_blocked, id=7940, stack(0x0000003b90e00000,0x0000003b90f00000) (1024K)]
  0x0000016e2403e590 JavaThread "Signal Dispatcher"          daemon [_thread_blocked, id=5684, stack(0x0000003b90f00000,0x0000003b91000000) (1024K)]
  0x0000016e24280450 JavaThread "Attach Listener"            daemon [_thread_blocked, id=5608, stack(0x0000003b91000000,0x0000003b91100000) (1024K)]
  0x0000016e24281640 JavaThread "Service Thread"             daemon [_thread_blocked, id=11332, stack(0x0000003b91100000,0x0000003b91200000) (1024K)]
  0x0000016e24284840 JavaThread "Monitor Deflation Thread"   daemon [_thread_blocked, id=10116, stack(0x0000003b91200000,0x0000003b91300000) (1024K)]
  0x0000016e2429b6a0 JavaThread "C2 CompilerThread0"         daemon [_thread_blocked, id=8356, stack(0x0000003b91300000,0x0000003b91400000) (1024K)]
  0x0000016e242a2540 JavaThread "C1 CompilerThread0"         daemon [_thread_blocked, id=11316, stack(0x0000003b91400000,0x0000003b91500000) (1024K)]
  0x0000016e2433af60 JavaThread "Common-Cleaner"             daemon [_thread_blocked, id=8732, stack(0x0000003b91500000,0x0000003b91600000) (1024K)]
  0x0000016e2451eaf0 JavaThread "Notification Thread"        daemon [_thread_blocked, id=2696, stack(0x0000003b91600000,0x0000003b91700000) (1024K)]
  0x0000016e24446ca0 JavaThread "Daemon health stats"               [_thread_blocked, id=2688, stack(0x0000003b91a00000,0x0000003b91b00000) (1024K)]
  0x0000016e244479c0 JavaThread "Incoming local TCP Connector on port 59916"        [_thread_in_native, id=5084, stack(0x0000003b91b00000,0x0000003b91c00000) (1024K)]
  0x0000016e24448050 JavaThread "Daemon periodic checks"            [_thread_blocked, id=11360, stack(0x0000003b91c00000,0x0000003b91d00000) (1024K)]
  0x0000016e24446610 JavaThread "Daemon"                            [_thread_blocked, id=8796, stack(0x0000003b91d00000,0x0000003b91e00000) (1024K)]
  0x0000016e24444bd0 JavaThread "Handler for socket connection from /127.0.0.1:59916 to /127.0.0.1:59917"        [_thread_in_native, id=11356, stack(0x0000003b91e00000,0x0000003b91f00000) (1024K)]
  0x0000016e24445260 JavaThread "Cancel handler"                    [_thread_blocked, id=3412, stack(0x0000003b91f00000,0x0000003b92000000) (1024K)]
  0x0000016e24447330 JavaThread "Daemon worker"                     [_thread_blocked, id=10488, stack(0x0000003b92000000,0x0000003b92100000) (1024K)]
  0x0000016e244458f0 JavaThread "Asynchronous log dispatcher for DefaultDaemonConnection: socket connection from /127.0.0.1:59916 to /127.0.0.1:59917"        [_thread_blocked, id=528, stack(0x0000003b92100000,0x0000003b92200000) (1024K)]
  0x0000016e24445f80 JavaThread "Stdin handler"                     [_thread_blocked, id=8920, stack(0x0000003b92200000,0x0000003b92300000) (1024K)]
  0x0000016e243f6ba0 JavaThread "Daemon client event forwarder"        [_thread_blocked, id=8988, stack(0x0000003b92300000,0x0000003b92400000) (1024K)]
  0x0000016e243fce10 JavaThread "Cache worker for journal cache (C:\Users\Profissional\.gradle\caches\journal-1)"        [_thread_blocked, id=8276, stack(0x0000003b92400000,0x0000003b92500000) (1024K)]
  0x0000016e243f7230 JavaThread "File lock request listener"        [_thread_in_native, id=10152, stack(0x0000003b92500000,0x0000003b92600000) (1024K)]
  0x0000016e243f9990 JavaThread "Cache worker for file hash cache (C:\Users\Profissional\.gradle\caches\8.11.1\fileHashes)"        [_thread_blocked, id=2664, stack(0x0000003b92600000,0x0000003b92700000) (1024K)]
  0x0000016e243fb3d0 JavaThread "Cache worker for file content cache (C:\Users\Profissional\.gradle\caches\8.11.1\fileContent)"        [_thread_blocked, id=1224, stack(0x0000003b92700000,0x0000003b92800000) (1024K)]
  0x0000016e243fa6b0 JavaThread "Cache worker for file hash cache (C:\Users\Profissional\AndroidStudioProjects\ProvaMendes\.gradle\8.11.1\fileHashes)"        [_thread_blocked, id=11116, stack(0x0000003b92800000,0x0000003b92900000) (1024K)]
  0x0000016e243f8c70 JavaThread "Cache worker for Build Output Cleanup Cache (C:\Users\Profissional\AndroidStudioProjects\ProvaMendes\.gradle\buildOutputCleanup)"        [_thread_blocked, id=9104, stack(0x0000003b92900000,0x0000003b92a00000) (1024K)]
  0x0000016e243f9300 JavaThread "File watcher server"        daemon [_thread_in_native, id=11000, stack(0x0000003b92a00000,0x0000003b92b00000) (1024K)]
  0x0000016e243f5e80 JavaThread "File watcher consumer"      daemon [_thread_blocked, id=2504, stack(0x0000003b92b00000,0x0000003b92c00000) (1024K)]
  0x0000016e243fc780 JavaThread "jar transforms"                    [_thread_blocked, id=10236, stack(0x0000003b92c00000,0x0000003b92d00000) (1024K)]
  0x0000016e243f78c0 JavaThread "jar transforms Thread 2"           [_thread_blocked, id=1608, stack(0x0000003b92d00000,0x0000003b92e00000) (1024K)]
  0x0000016e243f7f50 JavaThread "jar transforms Thread 3"           [_thread_blocked, id=2944, stack(0x0000003b92e00000,0x0000003b92f00000) (1024K)]
  0x0000016e243f85e0 JavaThread "jar transforms Thread 4"           [_thread_blocked, id=12116, stack(0x0000003b92f00000,0x0000003b93000000) (1024K)]
  0x0000016e243fa020 JavaThread "Cache worker for checksums cache (C:\Users\Profissional\AndroidStudioProjects\ProvaMendes\.gradle\8.11.1\checksums)"        [_thread_blocked, id=10544, stack(0x0000003b90400000,0x0000003b90500000) (1024K)]
  0x0000016e243fad40 JavaThread "Cache worker for cache directory md-rule (C:\Users\Profissional\.gradle\caches\8.11.1\md-rule)"        [_thread_blocked, id=10520, stack(0x0000003b93000000,0x0000003b93100000) (1024K)]
  0x0000016e243fd4a0 JavaThread "Cache worker for cache directory md-supplier (C:\Users\Profissional\.gradle\caches\8.11.1\md-supplier)"        [_thread_blocked, id=4076, stack(0x0000003b93100000,0x0000003b93200000) (1024K)]
Total: 36

Other Threads:
=>0x0000016e23ff37a0 VMThread "VM Thread"                           [id=10632, stack(0x0000003b90c00000,0x0000003b90d00000) (1024K)]
  0x0000016e23f62ea0 WatcherThread "VM Periodic Task Thread"        [id=11836, stack(0x0000003b90b00000,0x0000003b90c00000) (1024K)]
  0x0000016e0d1f67b0 WorkerThread "GC Thread#0"                     [id=11008, stack(0x0000003b90600000,0x0000003b90700000) (1024K)]
  0x0000016e246744b0 WorkerThread "GC Thread#1"                     [id=10768, stack(0x0000003b91700000,0x0000003b91800000) (1024K)]
  0x0000016e24684ea0 WorkerThread "GC Thread#2"                     [id=4380, stack(0x0000003b91800000,0x0000003b91900000) (1024K)]
  0x0000016e29289160 WorkerThread "GC Thread#3"                     [id=6824, stack(0x0000003b91900000,0x0000003b91a00000) (1024K)]
  0x0000016e0d207810 ConcurrentGCThread "G1 Main Marker"            [id=3252, stack(0x0000003b90700000,0x0000003b90800000) (1024K)]
  0x0000016e0d2089d0 WorkerThread "G1 Conc#0"                       [id=2788, stack(0x0000003b90800000,0x0000003b90900000) (1024K)]
  0x0000016e0d2671d0 ConcurrentGCThread "G1 Refine#0"               [id=10636, stack(0x0000003b90900000,0x0000003b90a00000) (1024K)]
  0x0000016e0d267dc0 ConcurrentGCThread "G1 Service"                [id=6108, stack(0x0000003b90a00000,0x0000003b90b00000) (1024K)]
Total: 10

Threads with active compile tasks:
Total: 0

VM state: at safepoint (normal execution)

VM Mutex/Monitor currently owned by a thread:  ([mutex/lock_event])
[0x00007fff2316d360] Threads_lock - owner thread: 0x0000016e23ff37a0
[0x00007fff2316d460] Heap_lock - owner thread: 0x0000016e0d207810

Heap address: 0x0000000080000000, size: 2048 MB, Compressed Oops mode: 32-bit

CDS archive(s) not mapped
Compressed class space mapped at: 0x0000000100000000-0x0000000140000000, reserved size: 1073741824
Narrow klass base: 0x0000000000000000, Narrow klass shift: 3, Narrow klass range: 0x140000000

GC Precious Log:
 CardTable entry size: 512
 Card Set container configuration: InlinePtr #cards 5 size 8 Array Of Cards #cards 12 size 40 Howl #buckets 4 coarsen threshold 1843 Howl Bitmap #cards 512 size 80 coarsen threshold 460 Card regions per heap region 1 cards per card region 2048
 CPUs: 4 total, 4 available
 Memory: 4006M
 Large Page Support: Disabled
 NUMA Support: Disabled
 Compressed Oops: Enabled (32-bit)
 Heap Region Size: 1M
 Heap Min Capacity: 8M
 Heap Initial Capacity: 64M
 Heap Max Capacity: 2G
 Pre-touch: Disabled
 Parallel Workers: 4
 Concurrent Workers: 1
 Concurrent Refinement Workers: 4
 Periodic GC: Disabled

Heap:
 garbage-first heap   total 80896K, used 57321K [0x0000000080000000, 0x0000000100000000)
  region size 1024K, 3 young (3072K), 2 survivors (2048K)
 Metaspace       used 50508K, committed 51840K, reserved 1114112K
  class space    used 6709K, committed 7360K, reserved 1048576K

Heap Regions: E=young(eden), S=young(survivor), O=old, HS=humongous(starts), HC=humongous(continues), CS=collection set, F=free, TAMS=top-at-mark-start, PB=parsable bottom
|   0|0x0000000080000000, 0x0000000080100000, 0x0000000080100000|100%|HS|  |TAMS 0x0000000080100000| PB 0x0000000080000000| Complete 
|   1|0x0000000080100000, 0x0000000080200000, 0x0000000080200000|100%|HC|  |TAMS 0x0000000080200000| PB 0x0000000080100000| Complete 
|   2|0x0000000080200000, 0x0000000080300000, 0x0000000080300000|100%|HC|  |TAMS 0x0000000080300000| PB 0x0000000080200000| Complete 
|   3|0x0000000080300000, 0x0000000080400000, 0x0000000080400000|100%| O|  |TAMS 0x0000000080400000| PB 0x0000000080400000| Untracked 
|   4|0x0000000080400000, 0x0000000080500000, 0x0000000080500000|100%| O|  |TAMS 0x0000000080500000| PB 0x0000000080500000| Untracked 
|   5|0x0000000080500000, 0x0000000080600000, 0x0000000080600000|100%| O|  |TAMS 0x0000000080600000| PB 0x0000000080600000| Untracked 
|   6|0x0000000080600000, 0x0000000080700000, 0x0000000080700000|100%| O|  |TAMS 0x0000000080700000| PB 0x0000000080700000| Untracked 
|   7|0x0000000080700000, 0x0000000080800000, 0x0000000080800000|100%| O|  |TAMS 0x0000000080800000| PB 0x0000000080800000| Updating 
|   8|0x0000000080800000, 0x0000000080900000, 0x0000000080900000|100%| O|  |TAMS 0x0000000080900000| PB 0x0000000080900000| Untracked 
|   9|0x0000000080900000, 0x0000000080a00000, 0x0000000080a00000|100%| O|  |TAMS 0x0000000080a00000| PB 0x0000000080a00000| Untracked 
|  10|0x0000000080a00000, 0x0000000080b00000, 0x0000000080b00000|100%|HS|  |TAMS 0x0000000080b00000| PB 0x0000000080a00000| Complete 
|  11|0x0000000080b00000, 0x0000000080c00000, 0x0000000080c00000|100%| O|  |TAMS 0x0000000080c00000| PB 0x0000000080c00000| Untracked 
|  12|0x0000000080c00000, 0x0000000080d00000, 0x0000000080d00000|100%| O|  |TAMS 0x0000000080d00000| PB 0x0000000080d00000| Untracked 
|  13|0x0000000080d00000, 0x0000000080e00000, 0x0000000080e00000|100%| O|  |TAMS 0x0000000080e00000| PB 0x0000000080e00000| Untracked 
|  14|0x0000000080e00000, 0x0000000080f00000, 0x0000000080f00000|100%| O|  |TAMS 0x0000000080f00000| PB 0x0000000080f00000| Untracked 
|  15|0x0000000080f00000, 0x0000000081000000, 0x0000000081000000|100%| O|  |TAMS 0x0000000081000000| PB 0x0000000081000000| Untracked 
|  16|0x0000000081000000, 0x0000000081100000, 0x0000000081100000|100%| O|  |TAMS 0x0000000081100000| PB 0x0000000081100000| Untracked 
|  17|0x0000000081100000, 0x0000000081200000, 0x0000000081200000|100%| O|  |TAMS 0x0000000081200000| PB 0x0000000081200000| Updating 
|  18|0x0000000081200000, 0x0000000081300000, 0x0000000081300000|100%| O|  |TAMS 0x0000000081300000| PB 0x0000000081300000| Untracked 
|  19|0x0000000081300000, 0x0000000081400000, 0x0000000081400000|100%| O|  |TAMS 0x0000000081400000| PB 0x0000000081400000| Untracked 
|  20|0x0000000081400000, 0x0000000081500000, 0x0000000081500000|100%| O|  |TAMS 0x0000000081500000| PB 0x0000000081500000| Untracked 
|  21|0x0000000081500000, 0x0000000081600000, 0x0000000081600000|100%| O|  |TAMS 0x0000000081600000| PB 0x0000000081600000| Updating 
|  22|0x0000000081600000, 0x0000000081700000, 0x0000000081700000|100%| O|  |TAMS 0x0000000081700000| PB 0x0000000081700000| Updating 
|  23|0x0000000081700000, 0x0000000081800000, 0x0000000081800000|100%| O|  |TAMS 0x0000000081800000| PB 0x0000000081800000| Untracked 
|  24|0x0000000081800000, 0x0000000081900000, 0x0000000081900000|100%|HS|  |TAMS 0x0000000081900000| PB 0x0000000081800000| Complete 
|  25|0x0000000081900000, 0x0000000081a00000, 0x0000000081a00000|100%|HC|  |TAMS 0x0000000081a00000| PB 0x0000000081900000| Complete 
|  26|0x0000000081a00000, 0x0000000081b00000, 0x0000000081b00000|100%|HS|  |TAMS 0x0000000081b00000| PB 0x0000000081a00000| Complete 
|  27|0x0000000081b00000, 0x0000000081c00000, 0x0000000081c00000|100%|HS|  |TAMS 0x0000000081c00000| PB 0x0000000081b00000| Complete 
|  28|0x0000000081c00000, 0x0000000081d00000, 0x0000000081d00000|100%|HC|  |TAMS 0x0000000081d00000| PB 0x0000000081c00000| Complete 
|  29|0x0000000081d00000, 0x0000000081e00000, 0x0000000081e00000|100%|HC|  |TAMS 0x0000000081e00000| PB 0x0000000081d00000| Complete 
|  30|0x0000000081e00000, 0x0000000081f00000, 0x0000000081f00000|100%|HC|  |TAMS 0x0000000081f00000| PB 0x0000000081e00000| Complete 
|  31|0x0000000081f00000, 0x0000000082000000, 0x0000000082000000|100%| O|  |TAMS 0x0000000082000000| PB 0x0000000082000000| Updating 
|  32|0x0000000082000000, 0x0000000082100000, 0x0000000082100000|100%| O|  |TAMS 0x0000000082100000| PB 0x0000000082100000| Untracked 
|  33|0x0000000082100000, 0x0000000082200000, 0x0000000082200000|100%| O|  |TAMS 0x0000000082200000| PB 0x0000000082200000| Untracked 
|  34|0x0000000082200000, 0x0000000082300000, 0x0000000082300000|100%| O|  |TAMS 0x0000000082300000| PB 0x0000000082300000| Updating 
|  35|0x0000000082300000, 0x0000000082400000, 0x0000000082400000|100%| O|  |TAMS 0x0000000082400000| PB 0x0000000082400000| Untracked 
|  36|0x0000000082400000, 0x0000000082500000, 0x0000000082500000|100%| O|  |TAMS 0x0000000082500000| PB 0x0000000082500000| Untracked 
|  37|0x0000000082500000, 0x0000000082600000, 0x0000000082600000|100%| O|  |TAMS 0x0000000082600000| PB 0x0000000082600000| Untracked 
|  38|0x0000000082600000, 0x0000000082700000, 0x0000000082700000|100%| O|  |TAMS 0x0000000082700000| PB 0x0000000082700000| Untracked 
|  39|0x0000000082700000, 0x0000000082800000, 0x0000000082800000|100%| O|  |TAMS 0x0000000082800000| PB 0x0000000082800000| Untracked 
|  40|0x0000000082800000, 0x0000000082900000, 0x0000000082900000|100%| O|  |TAMS 0x000000008284ac40| PB 0x000000008284ac40| Updating 
|  41|0x0000000082900000, 0x00000000829fa7a0, 0x0000000082a00000| 97%| O|  |TAMS 0x0000000082900000| PB 0x0000000082900000| Untracked 
|  42|0x0000000082a00000, 0x0000000082b00000, 0x0000000082b00000|100%|HS|  |TAMS 0x0000000082a00000| PB 0x0000000082a00000| Complete 
|  43|0x0000000082b00000, 0x0000000082c00000, 0x0000000082c00000|100%|HS|  |TAMS 0x0000000082b00000| PB 0x0000000082b00000| Complete 
|  44|0x0000000082c00000, 0x0000000082d00000, 0x0000000082d00000|100%|HC|  |TAMS 0x0000000082c00000| PB 0x0000000082c00000| Complete 
|  45|0x0000000082d00000, 0x0000000082e00000, 0x0000000082e00000|100%|HS|  |TAMS 0x0000000082d00000| PB 0x0000000082d00000| Complete 
|  46|0x0000000082e00000, 0x0000000082f00000, 0x0000000082f00000|100%|HC|  |TAMS 0x0000000082e00000| PB 0x0000000082e00000| Complete 
|  47|0x0000000082f00000, 0x0000000082f00000, 0x0000000083000000|  0%| F|  |TAMS 0x0000000082f00000| PB 0x0000000082f00000| Untracked 
|  48|0x0000000083000000, 0x0000000083000000, 0x0000000083100000|  0%| F|  |TAMS 0x0000000083000000| PB 0x0000000083000000| Untracked 
|  49|0x0000000083100000, 0x0000000083100000, 0x0000000083200000|  0%| F|  |TAMS 0x0000000083100000| PB 0x0000000083100000| Untracked 
|  50|0x0000000083200000, 0x0000000083200000, 0x0000000083300000|  0%| F|  |TAMS 0x0000000083200000| PB 0x0000000083200000| Untracked 
|  51|0x0000000083300000, 0x0000000083300000, 0x0000000083400000|  0%| F|  |TAMS 0x0000000083300000| PB 0x0000000083300000| Untracked 
|  52|0x0000000083400000, 0x0000000083400000, 0x0000000083500000|  0%| F|  |TAMS 0x0000000083400000| PB 0x0000000083400000| Untracked 
|  53|0x0000000083500000, 0x0000000083500000, 0x0000000083600000|  0%| F|  |TAMS 0x0000000083500000| PB 0x0000000083500000| Untracked 
|  54|0x0000000083600000, 0x0000000083600000, 0x0000000083700000|  0%| F|  |TAMS 0x0000000083600000| PB 0x0000000083600000| Untracked 
|  55|0x0000000083700000, 0x0000000083700000, 0x0000000083800000|  0%| F|  |TAMS 0x0000000083700000| PB 0x0000000083700000| Untracked 
|  56|0x0000000083800000, 0x0000000083900000, 0x0000000083900000|100%| S|CS|TAMS 0x0000000083800000| PB 0x0000000083800000| Complete 
|  57|0x0000000083900000, 0x0000000083a00000, 0x0000000083a00000|100%| S|CS|TAMS 0x0000000083900000| PB 0x0000000083900000| Complete 
|  58|0x0000000083a00000, 0x0000000083a00000, 0x0000000083b00000|  0%| F|  |TAMS 0x0000000083a00000| PB 0x0000000083a00000| Untracked 
|  59|0x0000000083b00000, 0x0000000083b00000, 0x0000000083c00000|  0%| F|  |TAMS 0x0000000083b00000| PB 0x0000000083b00000| Untracked 
|  60|0x0000000083c00000, 0x0000000083c00000, 0x0000000083d00000|  0%| F|  |TAMS 0x0000000083c00000| PB 0x0000000083c00000| Untracked 
|  61|0x0000000083d00000, 0x0000000083d00000, 0x0000000083e00000|  0%| F|  |TAMS 0x0000000083d00000| PB 0x0000000083d00000| Untracked 
|  62|0x0000000083e00000, 0x0000000083e00000, 0x0000000083f00000|  0%| F|  |TAMS 0x0000000083e00000| PB 0x0000000083e00000| Untracked 
|  63|0x0000000083f00000, 0x0000000083f00000, 0x0000000084000000|  0%| F|  |TAMS 0x0000000083f00000| PB 0x0000000083f00000| Untracked 
|  64|0x0000000084000000, 0x0000000084100000, 0x0000000084100000|100%|HS|  |TAMS 0x0000000084100000| PB 0x0000000084000000| Complete 
|  65|0x0000000084100000, 0x0000000084200000, 0x0000000084200000|100%|HC|  |TAMS 0x0000000084200000| PB 0x0000000084100000| Complete 
|  66|0x0000000084200000, 0x0000000084300000, 0x0000000084300000|100%|HC|  |TAMS 0x0000000084300000| PB 0x0000000084200000| Complete 
|  67|0x0000000084300000, 0x0000000084400000, 0x0000000084400000|100%|HC|  |TAMS 0x0000000084400000| PB 0x0000000084300000| Complete 
|  68|0x0000000084400000, 0x0000000084500000, 0x0000000084500000|100%|HC|  |TAMS 0x0000000084500000| PB 0x0000000084400000| Complete 
|  69|0x0000000084500000, 0x0000000084600000, 0x0000000084600000|100%|HC|  |TAMS 0x0000000084600000| PB 0x0000000084500000| Complete 
|  70|0x0000000084600000, 0x0000000084600000, 0x0000000084700000|  0%| F|  |TAMS 0x0000000084600000| PB 0x0000000084600000| Untracked 
|  71|0x0000000084700000, 0x0000000084700000, 0x0000000084800000|  0%| F|  |TAMS 0x0000000084700000| PB 0x0000000084700000| Untracked 
|  72|0x0000000084800000, 0x0000000084800000, 0x0000000084900000|  0%| F|  |TAMS 0x0000000084800000| PB 0x0000000084800000| Untracked 
|  73|0x0000000084900000, 0x0000000084900000, 0x0000000084a00000|  0%| F|  |TAMS 0x0000000084900000| PB 0x0000000084900000| Untracked 
|  74|0x0000000084a00000, 0x0000000084a00000, 0x0000000084b00000|  0%| F|  |TAMS 0x0000000084a00000| PB 0x0000000084a00000| Untracked 
|  75|0x0000000084b00000, 0x0000000084b00000, 0x0000000084c00000|  0%| F|  |TAMS 0x0000000084b00000| PB 0x0000000084b00000| Untracked 
|  76|0x0000000084c00000, 0x0000000084c00000, 0x0000000084d00000|  0%| F|  |TAMS 0x0000000084c00000| PB 0x0000000084c00000| Untracked 
|2046|0x00000000ffe00000, 0x00000000fff00000, 0x00000000fff00000|100%| O|  |TAMS 0x00000000fff00000| PB 0x00000000fff00000| Updating 
|2047|0x00000000fff00000, 0x00000000fff65e20, 0x0000000100000000| 39%| E|  |TAMS 0x00000000fff00000| PB 0x00000000fff00000| Complete 

Card table byte_map: [0x0000016e1f700000,0x0000016e1fb00000] _byte_map_base: 0x0000016e1f300000

Marking Bits: (CMBitMap*) 0x0000016e0d1f6dc0
 Bits: [0x0000016e1fb00000, 0x0000016e21b00000)

Polling page: 0x0000016e0b190000

Metaspace:

Usage:
  Non-class:     42.77 MB used.
      Class:      6.55 MB used.
       Both:     49.32 MB used.

Virtual space:
  Non-class space:       64.00 MB reserved,      43.44 MB ( 68%) committed,  1 nodes.
      Class space:        1.00 GB reserved,       7.19 MB ( <1%) committed,  1 nodes.
             Both:        1.06 GB reserved,      50.62 MB (  5%) committed. 

Chunk freelists:
   Non-Class:  4.44 MB
       Class:  8.80 MB
        Both:  13.23 MB

MaxMetaspaceSize: unlimited
CompressedClassSpaceSize: 1.00 GB
Initial GC threshold: 21.00 MB
Current GC threshold: 72.44 MB
CDS: off
 - commit_granule_bytes: 65536.
 - commit_granule_words: 8192.
 - virtual_space_node_default_size: 8388608.
 - enlarge_chunks_in_place: 1.
 - use_allocation_guard: 0.


Internal statistics:

num_allocs_failed_limit: 3.
num_arena_births: 2362.
num_arena_deaths: 0.
num_vsnodes_births: 2.
num_vsnodes_deaths: 0.
num_space_committed: 810.
num_space_uncommitted: 0.
num_chunks_returned_to_freelist: 3.
num_chunks_taken_from_freelist: 4304.
num_chunk_merges: 3.
num_chunk_splits: 2724.
num_chunks_enlarged: 1637.
num_inconsistent_stats: 0.

CodeHeap 'non-profiled nmethods': size=120000Kb used=2125Kb max_used=2213Kb free=117874Kb
 bounds [0x0000016e17dd0000, 0x0000016e18040000, 0x0000016e1f300000]
CodeHeap 'profiled nmethods': size=120000Kb used=7762Kb max_used=8210Kb free=112238Kb
 bounds [0x0000016e10300000, 0x0000016e10b10000, 0x0000016e17830000]
CodeHeap 'non-nmethods': size=5760Kb used=2666Kb max_used=2666Kb free=3094Kb
 bounds [0x0000016e17830000, 0x0000016e17ad0000, 0x0000016e17dd0000]
 total_blobs=4951 nmethods=4124 adapters=731
 compilation: enabled
              stopped_count=0, restarted_count=0
 full_count=0

Compilation events (20 events):
Event: 53.321 Thread 0x0000016e242a2540 nmethod 4774 0x0000016e10b01890 code [0x0000016e10b01a40, 0x0000016e10b01b78]
Event: 53.341 Thread 0x0000016e2429b6a0 nmethod 4770 0x0000016e17ff4d90 code [0x0000016e17ff4fa0, 0x0000016e17ff57d8]
Event: 53.341 Thread 0x0000016e2429b6a0 4773       4       java.util.stream.Sink$ChainedReference::begin (11 bytes)
Event: 53.342 Thread 0x0000016e2429b6a0 nmethod 4773 0x0000016e17ff5d10 code [0x0000016e17ff5ea0, 0x0000016e17ff5f50]
Event: 53.363 Thread 0x0000016e242a2540 4775       3       java.lang.Integer::equals (29 bytes)
Event: 53.364 Thread 0x0000016e242a2540 nmethod 4775 0x0000016e10b01c10 code [0x0000016e10b01dc0, 0x0000016e10b02160]
Event: 53.364 Thread 0x0000016e242a2540 4777       3       org.codehaus.groovy.reflection.CachedMethod::compareToMethod (125 bytes)
Event: 53.364 Thread 0x0000016e2429b6a0 4778       4       org.codehaus.groovy.util.LazyReference::get (44 bytes)
Event: 53.367 Thread 0x0000016e242a2540 nmethod 4777 0x0000016e10b02210 code [0x0000016e10b02500, 0x0000016e10b032d8]
Event: 53.367 Thread 0x0000016e242a2540 4776       3       org.codehaus.groovy.reflection.CachedMethod$MyComparator::compare (43 bytes)
Event: 53.367 Thread 0x0000016e242a2540 nmethod 4776 0x0000016e10b03910 code [0x0000016e10b03b80, 0x0000016e10b048f0]
Event: 53.367 Thread 0x0000016e242a2540 4779       1       groovy.lang.MetaProperty::getType (5 bytes)
Event: 53.368 Thread 0x0000016e242a2540 nmethod 4779 0x0000016e17ff6010 code [0x0000016e17ff61a0, 0x0000016e17ff6268]
Event: 53.368 Thread 0x0000016e2429b6a0 nmethod 4778 0x0000016e17ff6310 code [0x0000016e17ff64c0, 0x0000016e17ff6678]
Event: 53.368 Thread 0x0000016e242a2540 4780       1       groovy.lang.MetaBeanProperty::getGetter (5 bytes)
Event: 53.368 Thread 0x0000016e2429b6a0 4782   !   4       java.util.concurrent.ConcurrentHashMap::computeIfAbsent (576 bytes)
Event: 53.368 Thread 0x0000016e242a2540 nmethod 4780 0x0000016e17ff6810 code [0x0000016e17ff69a0, 0x0000016e17ff6a68]
Event: 53.368 Thread 0x0000016e242a2540 4781       1       groovy.lang.MetaBeanProperty::getField (5 bytes)
Event: 53.368 Thread 0x0000016e242a2540 nmethod 4781 0x0000016e17ff6b10 code [0x0000016e17ff6ca0, 0x0000016e17ff6d68]
Event: 53.436 Thread 0x0000016e2429b6a0 nmethod 4782 0x0000016e17ff6e10 code [0x0000016e17ff70c0, 0x0000016e17ff8938]

GC Heap History (20 events):
Event: 17.037 GC heap before
{Heap before GC invocations=4 (full 0):
 garbage-first heap   total 65536K, used 36141K [0x0000000080000000, 0x0000000100000000)
  region size 1024K, 24 young (24576K), 5 survivors (5120K)
 Metaspace       used 21226K, committed 21504K, reserved 1114112K
  class space    used 2419K, committed 2560K, reserved 1048576K
}
Event: 17.080 GC heap after
{Heap after GC invocations=5 (full 0):
 garbage-first heap   total 65536K, used 20571K [0x0000000080000000, 0x0000000100000000)
  region size 1024K, 3 young (3072K), 3 survivors (3072K)
 Metaspace       used 21226K, committed 21504K, reserved 1114112K
  class space    used 2419K, committed 2560K, reserved 1048576K
}
Event: 25.507 GC heap before
{Heap before GC invocations=6 (full 0):
 garbage-first heap   total 65536K, used 50267K [0x0000000080000000, 0x0000000100000000)
  region size 1024K, 33 young (33792K), 3 survivors (3072K)
 Metaspace       used 26990K, committed 27456K, reserved 1114112K
  class space    used 3290K, committed 3520K, reserved 1048576K
}
Event: 25.540 GC heap after
{Heap after GC invocations=7 (full 0):
 garbage-first heap   total 65536K, used 22057K [0x0000000080000000, 0x0000000100000000)
  region size 1024K, 4 young (4096K), 4 survivors (4096K)
 Metaspace       used 26990K, committed 27456K, reserved 1114112K
  class space    used 3290K, committed 3520K, reserved 1048576K
}
Event: 27.561 GC heap before
{Heap before GC invocations=7 (full 0):
 garbage-first heap   total 65536K, used 53801K [0x0000000080000000, 0x0000000100000000)
  region size 1024K, 35 young (35840K), 4 survivors (4096K)
 Metaspace       used 31214K, committed 31808K, reserved 1114112K
  class space    used 4024K, committed 4288K, reserved 1048576K
}
Event: 27.590 GC heap after
{Heap after GC invocations=8 (full 0):
 garbage-first heap   total 65536K, used 24391K [0x0000000080000000, 0x0000000100000000)
  region size 1024K, 5 young (5120K), 5 survivors (5120K)
 Metaspace       used 31214K, committed 31808K, reserved 1114112K
  class space    used 4024K, committed 4288K, reserved 1048576K
}
Event: 29.026 GC heap before
{Heap before GC invocations=8 (full 0):
 garbage-first heap   total 71680K, used 61255K [0x0000000080000000, 0x0000000100000000)
  region size 1024K, 33 young (33792K), 5 survivors (5120K)
 Metaspace       used 34996K, committed 35904K, reserved 1114112K
  class space    used 4684K, committed 5120K, reserved 1048576K
}
Event: 29.046 GC heap after
{Heap after GC invocations=9 (full 0):
 garbage-first heap   total 72704K, used 37982K [0x0000000080000000, 0x0000000100000000)
  region size 1024K, 5 young (5120K), 5 survivors (5120K)
 Metaspace       used 34996K, committed 35904K, reserved 1114112K
  class space    used 4684K, committed 5120K, reserved 1048576K
}
Event: 38.708 GC heap before
{Heap before GC invocations=10 (full 0):
 garbage-first heap   total 72704K, used 64606K [0x0000000080000000, 0x0000000100000000)
  region size 1024K, 28 young (28672K), 5 survivors (5120K)
 Metaspace       used 37868K, committed 38784K, reserved 1114112K
  class space    used 5099K, committed 5568K, reserved 1048576K
}
Event: 38.737 GC heap after
{Heap after GC invocations=11 (full 0):
 garbage-first heap   total 74752K, used 45364K [0x0000000080000000, 0x0000000100000000)
  region size 1024K, 4 young (4096K), 4 survivors (4096K)
 Metaspace       used 37868K, committed 38784K, reserved 1114112K
  class space    used 5099K, committed 5568K, reserved 1048576K
}
Event: 40.885 GC heap before
{Heap before GC invocations=11 (full 0):
 garbage-first heap   total 74752K, used 64820K [0x0000000080000000, 0x0000000100000000)
  region size 1024K, 23 young (23552K), 4 survivors (4096K)
 Metaspace       used 40198K, committed 41280K, reserved 1114112K
  class space    used 5494K, committed 6016K, reserved 1048576K
}
Event: 40.894 GC heap after
{Heap after GC invocations=12 (full 0):
 garbage-first heap   total 74752K, used 45501K [0x0000000080000000, 0x0000000100000000)
  region size 1024K, 1 young (1024K), 1 survivors (1024K)
 Metaspace       used 40198K, committed 41280K, reserved 1114112K
  class space    used 5494K, committed 6016K, reserved 1048576K
}
Event: 46.752 GC heap before
{Heap before GC invocations=12 (full 0):
 garbage-first heap   total 74752K, used 65981K [0x0000000080000000, 0x0000000100000000)
  region size 1024K, 21 young (21504K), 1 survivors (1024K)
 Metaspace       used 43132K, committed 44480K, reserved 1114112K
  class space    used 5984K, committed 6656K, reserved 1048576K
}
Event: 46.763 GC heap after
{Heap after GC invocations=13 (full 0):
 garbage-first heap   total 74752K, used 46795K [0x0000000080000000, 0x0000000100000000)
  region size 1024K, 3 young (3072K), 3 survivors (3072K)
 Metaspace       used 43132K, committed 44480K, reserved 1114112K
  class space    used 5984K, committed 6656K, reserved 1048576K
}
Event: 49.201 GC heap before
{Heap before GC invocations=14 (full 0):
 garbage-first heap   total 80896K, used 64203K [0x0000000080000000, 0x0000000100000000)
  region size 1024K, 21 young (21504K), 3 survivors (3072K)
 Metaspace       used 47389K, committed 48704K, reserved 1114112K
  class space    used 6443K, committed 7104K, reserved 1048576K
}
Event: 49.211 GC heap after
{Heap after GC invocations=15 (full 0):
 garbage-first heap   total 80896K, used 48920K [0x0000000080000000, 0x0000000100000000)
  region size 1024K, 3 young (3072K), 3 survivors (3072K)
 Metaspace       used 47389K, committed 48704K, reserved 1114112K
  class space    used 6443K, committed 7104K, reserved 1048576K
}
Event: 52.979 GC heap before
{Heap before GC invocations=15 (full 0):
 garbage-first heap   total 80896K, used 71448K [0x0000000080000000, 0x0000000100000000)
  region size 1024K, 26 young (26624K), 3 survivors (3072K)
 Metaspace       used 49338K, committed 50624K, reserved 1114112K
  class space    used 6652K, committed 7296K, reserved 1048576K
}
Event: 53.001 GC heap after
{Heap after GC invocations=16 (full 0):
 garbage-first heap   total 80896K, used 51339K [0x0000000080000000, 0x0000000100000000)
  region size 1024K, 3 young (3072K), 3 survivors (3072K)
 Metaspace       used 49338K, committed 50624K, reserved 1114112K
  class space    used 6652K, committed 7296K, reserved 1048576K
}
Event: 53.371 GC heap before
{Heap before GC invocations=16 (full 0):
 garbage-first heap   total 80896K, used 63627K [0x0000000080000000, 0x0000000100000000)
  region size 1024K, 17 young (17408K), 3 survivors (3072K)
 Metaspace       used 49871K, committed 51200K, reserved 1114112K
  class space    used 6709K, committed 7360K, reserved 1048576K
}
Event: 53.377 GC heap after
{Heap after GC invocations=17 (full 0):
 garbage-first heap   total 80896K, used 52201K [0x0000000080000000, 0x0000000100000000)
  region size 1024K, 2 young (2048K), 2 survivors (2048K)
 Metaspace       used 49871K, committed 51200K, reserved 1114112K
  class space    used 6709K, committed 7360K, reserved 1048576K
}

Dll operation events (3 events):
Event: 0.038 Loaded shared library C:\Program Files\Android\Android Studio\jbr\bin\java.dll
Event: 0.134 Loaded shared library C:\Program Files\Android\Android Studio\jbr\bin\zip.dll
Event: 2.595 Loaded shared library C:\Program Files\Android\Android Studio\jbr\bin\verify.dll

Deoptimization events (20 events):
Event: 52.945 Thread 0x0000016e24447330 DEOPT PACKING pc=0x0000016e10ab1a96 sp=0x0000003b920f68b0
Event: 52.945 Thread 0x0000016e24447330 DEOPT UNPACKING pc=0x0000016e17884e42 sp=0x0000003b920f5d00 mode 0
Event: 52.954 Thread 0x0000016e24447330 DEOPT PACKING pc=0x0000016e10ab1a96 sp=0x0000003b920f68b0
Event: 52.954 Thread 0x0000016e24447330 DEOPT UNPACKING pc=0x0000016e17884e42 sp=0x0000003b920f5d00 mode 0
Event: 53.095 Thread 0x0000016e24447330 Uncommon trap: trap_request=0xffffffc6 fr.pc=0x0000016e17f61774 relative=0x00000000000008b4
Event: 53.095 Thread 0x0000016e24447330 Uncommon trap: reason=bimorphic_or_optimized_type_check action=maybe_recompile pc=0x0000016e17f61774 method=java.util.regex.Pattern$Start.match(Ljava/util/regex/Matcher;ILjava/lang/CharSequence;)Z @ 44 c2
Event: 53.095 Thread 0x0000016e24447330 DEOPT PACKING pc=0x0000016e17f61774 sp=0x0000003b920f7f10
Event: 53.095 Thread 0x0000016e24447330 DEOPT UNPACKING pc=0x0000016e178846a2 sp=0x0000003b920f7e50 mode 2
Event: 53.096 Thread 0x0000016e24447330 Uncommon trap: trap_request=0xffffffc6 fr.pc=0x0000016e17f61774 relative=0x00000000000008b4
Event: 53.096 Thread 0x0000016e24447330 Uncommon trap: reason=bimorphic_or_optimized_type_check action=maybe_recompile pc=0x0000016e17f61774 method=java.util.regex.Pattern$Start.match(Ljava/util/regex/Matcher;ILjava/lang/CharSequence;)Z @ 44 c2
Event: 53.096 Thread 0x0000016e24447330 DEOPT PACKING pc=0x0000016e17f61774 sp=0x0000003b920f7f10
Event: 53.096 Thread 0x0000016e24447330 DEOPT UNPACKING pc=0x0000016e178846a2 sp=0x0000003b920f7e50 mode 2
Event: 53.160 Thread 0x0000016e24447330 Uncommon trap: trap_request=0xfffffff4 fr.pc=0x0000016e17f2e404 relative=0x0000000000000344
Event: 53.160 Thread 0x0000016e24447330 Uncommon trap: reason=null_check action=make_not_entrant pc=0x0000016e17f2e404 method=sun.invoke.util.VerifyType.isNullConversion(Ljava/lang/Class;Ljava/lang/Class;Z)Z @ 67 c2
Event: 53.160 Thread 0x0000016e24447330 DEOPT PACKING pc=0x0000016e17f2e404 sp=0x0000003b920f8960
Event: 53.160 Thread 0x0000016e24447330 DEOPT UNPACKING pc=0x0000016e178846a2 sp=0x0000003b920f88e0 mode 2
Event: 53.164 Thread 0x0000016e24447330 Uncommon trap: trap_request=0xffffff45 fr.pc=0x0000016e17ec92b8 relative=0x0000000000000578
Event: 53.164 Thread 0x0000016e24447330 Uncommon trap: reason=unstable_if action=reinterpret pc=0x0000016e17ec92b8 method=java.lang.invoke.InvokerBytecodeGenerator.storeInsnOpcode(Ljava/lang/invoke/LambdaForm$BasicType;)I @ 8 c2
Event: 53.164 Thread 0x0000016e24447330 DEOPT PACKING pc=0x0000016e17ec92b8 sp=0x0000003b920f80f0
Event: 53.164 Thread 0x0000016e24447330 DEOPT UNPACKING pc=0x0000016e178846a2 sp=0x0000003b920f8038 mode 2

Classes loaded (20 events):
Event: 52.816 Loading class java/nio/ByteBufferAsIntBufferL
Event: 52.817 Loading class java/nio/ByteBufferAsIntBufferL done
Event: 52.819 Loading class jdk/internal/jrtfs/JrtFileAttributes
Event: 52.820 Loading class jdk/internal/jrtfs/JrtFileAttributes done
Event: 52.820 Loading class jdk/internal/jrtfs/JrtDirectoryStream
Event: 52.820 Loading class jdk/internal/jrtfs/JrtDirectoryStream done
Event: 52.822 Loading class jdk/internal/jrtfs/JrtDirectoryStream$1
Event: 52.822 Loading class jdk/internal/jrtfs/JrtDirectoryStream$1 done
Event: 52.823 Loading class java/util/function/BooleanSupplier
Event: 52.823 Loading class java/util/function/BooleanSupplier done
Event: 52.825 Loading class jdk/internal/jimage/ImageReader$Resource
Event: 52.825 Loading class jdk/internal/jimage/ImageReader$Resource done
Event: 53.050 Loading class java/util/WeakHashMap$KeyIterator
Event: 53.051 Loading class java/util/WeakHashMap$HashIterator
Event: 53.051 Loading class java/util/WeakHashMap$HashIterator done
Event: 53.051 Loading class java/util/WeakHashMap$KeyIterator done
Event: 53.161 Loading class sun/invoke/util/ValueConversions$1
Event: 53.161 Loading class sun/invoke/util/ValueConversions$1 done
Event: 53.162 Loading class java/lang/invoke/BoundMethodHandle$Species_LI
Event: 53.162 Loading class java/lang/invoke/BoundMethodHandle$Species_LI done

Classes unloaded (0 events):
No events

Classes redefined (0 events):
No events

Internal exceptions (20 events):
Event: 53.085 Thread 0x0000016e24447330 Exception <a 'java/lang/ClassNotFoundException'{0x0000000084638ae0}: org/gradle/groovy/scripts/ScriptBeanInfo> (0x0000000084638ae0) 
thrown [s\src\hotspot\share\classfile\systemDictionary.cpp, line 312]
Event: 53.086 Thread 0x0000016e24447330 Exception <a 'java/lang/ClassNotFoundException'{0x0000000084642f80}: groovy/lang/ScriptBeanInfo> (0x0000000084642f80) 
thrown [s\src\hotspot\share\classfile\systemDictionary.cpp, line 312]
Event: 53.086 Thread 0x0000016e24447330 Exception <a 'java/lang/ClassNotFoundException'{0x000000008464d6c0}: groovy/lang/ScriptCustomizer> (0x000000008464d6c0) 
thrown [s\src\hotspot\share\classfile\systemDictionary.cpp, line 312]
Event: 53.088 Thread 0x0000016e24447330 Exception <a 'java/lang/ClassNotFoundException'{0x000000008465f9c8}: org/gradle/groovy/scripts/ScriptCustomizer> (0x000000008465f9c8) 
thrown [s\src\hotspot\share\classfile\systemDictionary.cpp, line 312]
Event: 53.090 Thread 0x0000016e24447330 Exception <a 'java/lang/ClassNotFoundException'{0x000000008466fde8}: org/gradle/groovy/scripts/BasicScriptCustomizer> (0x000000008466fde8) 
thrown [s\src\hotspot\share\classfile\systemDictionary.cpp, line 312]
Event: 53.094 Thread 0x0000016e24447330 Exception <a 'java/lang/ClassNotFoundException'{0x0000000084686a60}: org/gradle/groovy/scripts/DefaultScriptCustomizer> (0x0000000084686a60) 
thrown [s\src\hotspot\share\classfile\systemDictionary.cpp, line 312]
Event: 53.099 Thread 0x0000016e24447330 Exception <a 'java/lang/ClassNotFoundException'{0x00000000846ad100}: org/gradle/initialization/InitScriptCustomizer> (0x00000000846ad100) 
thrown [s\src\hotspot\share\classfile\systemDictionary.cpp, line 312]
Event: 53.101 Thread 0x0000016e24447330 Exception <a 'java/lang/ClassNotFoundException'{0x00000000846bc110}: ijMapper1_7rvo3jzupk2nhr1x7ks5uoxq8Customizer> (0x00000000846bc110) 
thrown [s\src\hotspot\share\classfile\systemDictionary.cpp, line 312]
Event: 53.129 Thread 0x0000016e24447330 Exception <a 'java/lang/ClassNotFoundException'{0x0000000083f77260}: org/gradle/internal/extensibility/DefaultExtraPropertiesExtensionBeanInfo> (0x0000000083f77260) 
thrown [s\src\hotspot\share\classfile\systemDictionary.cpp, line 312]
Event: 53.129 Thread 0x0000016e24447330 Exception <a 'java/lang/ClassNotFoundException'{0x0000000083f80e98}: org/gradle/internal/extensibility/DefaultExtraPropertiesExtensionCustomizer> (0x0000000083f80e98) 
thrown [s\src\hotspot\share\classfile\systemDictionary.cpp, line 312]
Event: 53.157 Thread 0x0000016e24447330 Exception <a 'java/lang/NoSuchMethodError'{0x0000000083ffd648}: 'void java.lang.invoke.Invokers$Holder.invoke_MT(java.lang.Object, java.lang.Object, java.lang.Object, java.lang.Object)'> (0x0000000083ffd648) 
thrown [s\src\hotspot\share\interpreter\linkResolver.cpp, line 784]
Event: 53.160 Thread 0x0000016e24447330 Implicit null exception at 0x0000016e17f2e165 to 0x0000016e17f2e3f0
Event: 53.162 Thread 0x0000016e24447330 Exception <a 'java/lang/NoSuchMethodError'{0x0000000083e1bba0}: 'int java.lang.invoke.DirectMethodHandle$Holder.invokeSpecial(java.lang.Object, java.lang.Object, java.lang.Object, int)'> (0x0000000083e1bba0) 
thrown [s\src\hotspot\share\interpreter\linkResolver.cpp, line 784]
Event: 53.163 Thread 0x0000016e24447330 Exception <a 'java/lang/NoSuchMethodError'{0x0000000083e2c930}: 'java.lang.Object java.lang.invoke.DirectMethodHandle$Holder.invokeStatic(java.lang.Object, java.lang.Object, java.lang.Object, java.lang.Object, int)'> (0x0000000083e2c930) 
thrown [s\src\hotspot\share\interpreter\linkResolver.cpp, line 784]
Event: 53.258 Thread 0x0000016e24447330 Exception <a 'java/lang/ClassNotFoundException'{0x0000000083d9f4e8}: org/gradle/invocation/DefaultGradle_DecoratedBeanInfo> (0x0000000083d9f4e8) 
thrown [s\src\hotspot\share\classfile\systemDictionary.cpp, line 312]
Event: 53.260 Thread 0x0000016e24447330 Exception <a 'java/lang/ClassNotFoundException'{0x0000000083dae5c8}: org/gradle/invocation/DefaultGradleBeanInfo> (0x0000000083dae5c8) 
thrown [s\src\hotspot\share\classfile\systemDictionary.cpp, line 312]
Event: 53.265 Thread 0x0000016e24447330 Exception <a 'java/lang/ClassNotFoundException'{0x0000000083dbdb78}: org/gradle/api/internal/project/AbstractPluginAwareBeanInfo> (0x0000000083dbdb78) 
thrown [s\src\hotspot\share\classfile\systemDictionary.cpp, line 312]
Event: 53.267 Thread 0x0000016e24447330 Exception <a 'java/lang/ClassNotFoundException'{0x0000000083dcd178}: org/gradle/api/internal/project/AbstractPluginAwareCustomizer> (0x0000000083dcd178) 
thrown [s\src\hotspot\share\classfile\systemDictionary.cpp, line 312]
Event: 53.282 Thread 0x0000016e24447330 Exception <a 'java/lang/ClassNotFoundException'{0x0000000083de2df8}: org/gradle/invocation/DefaultGradleCustomizer> (0x0000000083de2df8) 
thrown [s\src\hotspot\share\classfile\systemDictionary.cpp, line 312]
Event: 53.313 Thread 0x0000016e24447330 Exception <a 'java/lang/ClassNotFoundException'{0x0000000083c29590}: org/gradle/invocation/DefaultGradle_DecoratedCustomizer> (0x0000000083c29590) 
thrown [s\src\hotspot\share\classfile\systemDictionary.cpp, line 312]

ZGC Phase Switch (0 events):
No events

VM Operations (20 events):
Event: 48.591 Executing VM operation: Cleanup done
Event: 49.200 Executing VM operation: G1CollectForAllocation (G1 Evacuation Pause)
Event: 49.211 Executing VM operation: G1CollectForAllocation (G1 Evacuation Pause) done
Event: 49.233 Executing VM operation: HandshakeAllThreads (Deoptimize)
Event: 49.233 Executing VM operation: HandshakeAllThreads (Deoptimize) done
Event: 50.239 Executing VM operation: Cleanup
Event: 50.240 Executing VM operation: Cleanup done
Event: 51.241 Executing VM operation: Cleanup
Event: 51.279 Executing VM operation: Cleanup done
Event: 52.105 Executing VM operation: HandshakeAllThreads (Deoptimize)
Event: 52.105 Executing VM operation: HandshakeAllThreads (Deoptimize) done
Event: 52.819 Executing VM operation: HandshakeAllThreads (Deoptimize)
Event: 52.819 Executing VM operation: HandshakeAllThreads (Deoptimize) done
Event: 52.819 Executing VM operation: Cleanup
Event: 52.819 Executing VM operation: Cleanup done
Event: 52.979 Executing VM operation: G1CollectForAllocation (G1 Evacuation Pause)
Event: 53.001 Executing VM operation: G1CollectForAllocation (G1 Evacuation Pause) done
Event: 53.370 Executing VM operation: G1TryInitiateConcMark (G1 Humongous Allocation)
Event: 53.378 Executing VM operation: G1TryInitiateConcMark (G1 Humongous Allocation) done
Event: 53.498 Executing VM operation: G1PauseRemark

Memory protections (0 events):
No events

Nmethod flushes (20 events):
Event: 53.517 Thread 0x0000016e23ff37a0 flushing  nmethod 0x0000016e104f7090
Event: 53.517 Thread 0x0000016e23ff37a0 flushing  nmethod 0x0000016e1056d210
Event: 53.518 Thread 0x0000016e23ff37a0 flushing  nmethod 0x0000016e10574690
Event: 53.518 Thread 0x0000016e23ff37a0 flushing  nmethod 0x0000016e10575290
Event: 53.518 Thread 0x0000016e23ff37a0 flushing  nmethod 0x0000016e10576490
Event: 53.518 Thread 0x0000016e23ff37a0 flushing  nmethod 0x0000016e10579a10
Event: 53.518 Thread 0x0000016e23ff37a0 flushing  nmethod 0x0000016e10695a90
Event: 53.518 Thread 0x0000016e23ff37a0 flushing  nmethod 0x0000016e10696f10
Event: 53.518 Thread 0x0000016e23ff37a0 flushing  nmethod 0x0000016e10698b90
Event: 53.518 Thread 0x0000016e23ff37a0 flushing  nmethod 0x0000016e1079cd90
Event: 53.518 Thread 0x0000016e23ff37a0 flushing  nmethod 0x0000016e1079f710
Event: 53.518 Thread 0x0000016e23ff37a0 flushing  nmethod 0x0000016e107df890
Event: 53.518 Thread 0x0000016e23ff37a0 flushing  nmethod 0x0000016e1081ff10
Event: 53.518 Thread 0x0000016e23ff37a0 flushing  nmethod 0x0000016e10821110
Event: 53.518 Thread 0x0000016e23ff37a0 flushing  nmethod 0x0000016e10821610
Event: 53.518 Thread 0x0000016e23ff37a0 flushing  nmethod 0x0000016e10821b10
Event: 53.518 Thread 0x0000016e23ff37a0 flushing  nmethod 0x0000016e10822810
Event: 53.518 Thread 0x0000016e23ff37a0 flushing  nmethod 0x0000016e10875d10
Event: 53.518 Thread 0x0000016e23ff37a0 flushing  nmethod 0x0000016e10908810
Event: 53.518 Thread 0x0000016e23ff37a0 flushing  nmethod 0x0000016e10975790

Events (20 events):
Event: 15.335 Thread 0x0000016e24446610 Thread added: 0x0000016e24445260
Event: 16.025 Thread 0x0000016e24446610 Thread added: 0x0000016e24447330
Event: 16.236 Thread 0x0000016e24447330 Thread added: 0x0000016e244458f0
Event: 16.315 Thread 0x0000016e24447330 Thread added: 0x0000016e24445f80
Event: 16.323 Thread 0x0000016e24447330 Thread added: 0x0000016e243f6ba0
Event: 24.772 Thread 0x0000016e24447330 Thread added: 0x0000016e243fce10
Event: 24.795 Thread 0x0000016e24447330 Thread added: 0x0000016e243f7230
Event: 24.893 Thread 0x0000016e24447330 Thread added: 0x0000016e243f9990
Event: 27.234 Thread 0x0000016e24447330 Thread added: 0x0000016e243fb3d0
Event: 27.937 Thread 0x0000016e24447330 Thread added: 0x0000016e243fa6b0
Event: 27.961 Thread 0x0000016e24447330 Thread added: 0x0000016e243f8c70
Event: 28.544 Thread 0x0000016e24447330 Thread added: 0x0000016e243f9300
Event: 28.557 Thread 0x0000016e24447330 Thread added: 0x0000016e243f5e80
Event: 28.881 Thread 0x0000016e24447330 Thread added: 0x0000016e243fc780
Event: 28.881 Thread 0x0000016e24447330 Thread added: 0x0000016e243f78c0
Event: 28.882 Thread 0x0000016e24447330 Thread added: 0x0000016e243f7f50
Event: 28.882 Thread 0x0000016e24447330 Thread added: 0x0000016e243f85e0
Event: 40.051 Thread 0x0000016e24447330 Thread added: 0x0000016e243fa020
Event: 40.912 Thread 0x0000016e24447330 Thread added: 0x0000016e243fad40
Event: 41.588 Thread 0x0000016e24447330 Thread added: 0x0000016e243fd4a0


Dynamic libraries:
0x00007ff7972d0000 - 0x00007ff7972da000 	C:\Program Files\Android\Android Studio\jbr\bin\java.exe
0x00007fff63d50000 - 0x00007fff63f48000 	C:\Windows\SYSTEM32\ntdll.dll
0x00007fff635e0000 - 0x00007fff636a2000 	C:\Windows\System32\KERNEL32.DLL
0x00007fff618e0000 - 0x00007fff61bd6000 	C:\Windows\System32\KERNELBASE.dll
0x00007fff617e0000 - 0x00007fff618e0000 	C:\Windows\System32\ucrtbase.dll
0x00007fff5c520000 - 0x00007fff5c538000 	C:\Program Files\Android\Android Studio\jbr\bin\jli.dll
0x00007fff223f0000 - 0x00007fff2240b000 	C:\Program Files\Android\Android Studio\jbr\bin\VCRUNTIME140.dll
0x00007fff63270000 - 0x00007fff6340d000 	C:\Windows\System32\USER32.dll
0x00007fff50bf0000 - 0x00007fff50e8a000 	C:\Windows\WinSxS\amd64_microsoft.windows.common-controls_6595b64144ccf1df_6.0.19041.5915_none_60b4b9d171f9c7c7\COMCTL32.dll
0x00007fff613e0000 - 0x00007fff61402000 	C:\Windows\System32\win32u.dll
0x00007fff62060000 - 0x00007fff620fe000 	C:\Windows\System32\msvcrt.dll
0x00007fff63210000 - 0x00007fff6323b000 	C:\Windows\System32\GDI32.dll
0x00007fff616c0000 - 0x00007fff617d9000 	C:\Windows\System32\gdi32full.dll
0x00007fff614c0000 - 0x00007fff6155d000 	C:\Windows\System32\msvcp_win.dll
0x00007fff63410000 - 0x00007fff6343f000 	C:\Windows\System32\IMM32.DLL
0x00007fff223e0000 - 0x00007fff223ec000 	C:\Program Files\Android\Android Studio\jbr\bin\vcruntime140_1.dll
0x00007fff40860000 - 0x00007fff408ed000 	C:\Program Files\Android\Android Studio\jbr\bin\msvcp140.dll
0x00007fff225c0000 - 0x00007fff2324a000 	C:\Program Files\Android\Android Studio\jbr\bin\server\jvm.dll
0x00007fff61d70000 - 0x00007fff61e21000 	C:\Windows\System32\ADVAPI32.dll
0x00007fff622a0000 - 0x00007fff6233f000 	C:\Windows\System32\sechost.dll
0x00007fff63440000 - 0x00007fff63563000 	C:\Windows\System32\RPCRT4.dll
0x00007fff61d40000 - 0x00007fff61d67000 	C:\Windows\System32\bcrypt.dll
0x00007fff62230000 - 0x00007fff6229b000 	C:\Windows\System32\WS2_32.dll
0x00007fff55610000 - 0x00007fff5561a000 	C:\Windows\SYSTEM32\VERSION.dll
0x00007fff509a0000 - 0x00007fff509c7000 	C:\Windows\SYSTEM32\WINMM.dll
0x00007fff61240000 - 0x00007fff6128b000 	C:\Windows\SYSTEM32\POWRPROF.dll
0x00007fff61220000 - 0x00007fff61232000 	C:\Windows\SYSTEM32\UMPDC.dll
0x00007fff5f260000 - 0x00007fff5f272000 	C:\Windows\SYSTEM32\kernel.appcore.dll
0x00007fff223d0000 - 0x00007fff223da000 	C:\Program Files\Android\Android Studio\jbr\bin\jimage.dll
0x00007fff4dfd0000 - 0x00007fff4e1d1000 	C:\Windows\SYSTEM32\DBGHELP.DLL
0x00007fff47b00000 - 0x00007fff47b34000 	C:\Windows\SYSTEM32\dbgcore.DLL
0x00007fff61be0000 - 0x00007fff61c62000 	C:\Windows\System32\bcryptPrimitives.dll
0x00007fff5d860000 - 0x00007fff5d86e000 	C:\Program Files\Android\Android Studio\jbr\bin\instrument.dll
0x00007fff22320000 - 0x00007fff22340000 	C:\Program Files\Android\Android Studio\jbr\bin\java.dll
0x00007fff22000000 - 0x00007fff22018000 	C:\Program Files\Android\Android Studio\jbr\bin\zip.dll
0x00007fff625c0000 - 0x00007fff62d2e000 	C:\Windows\System32\SHELL32.dll
0x00007fff5f460000 - 0x00007fff5fc03000 	C:\Windows\SYSTEM32\windows.storage.dll
0x00007fff62eb0000 - 0x00007fff63203000 	C:\Windows\System32\combase.dll
0x00007fff60d40000 - 0x00007fff60d6b000 	C:\Windows\SYSTEM32\Wldp.dll
0x00007fff637d0000 - 0x00007fff6389d000 	C:\Windows\System32\OLEAUT32.dll
0x00007fff624b0000 - 0x00007fff6255d000 	C:\Windows\System32\SHCORE.dll
0x00007fff62de0000 - 0x00007fff62e3b000 	C:\Windows\System32\shlwapi.dll
0x00007fff61310000 - 0x00007fff61335000 	C:\Windows\SYSTEM32\profapi.dll
0x00007fff213c0000 - 0x00007fff213d0000 	C:\Program Files\Android\Android Studio\jbr\bin\net.dll
0x00007fff58b70000 - 0x00007fff58c7a000 	C:\Windows\SYSTEM32\WINHTTP.dll
0x00007fff60aa0000 - 0x00007fff60b0a000 	C:\Windows\system32\mswsock.dll
0x00007fff213a0000 - 0x00007fff213b6000 	C:\Program Files\Android\Android Studio\jbr\bin\nio.dll
0x00007fff38200000 - 0x00007fff38210000 	C:\Program Files\Android\Android Studio\jbr\bin\verify.dll
0x00007fff5af90000 - 0x00007fff5afb7000 	C:\Users\Profissional\.gradle\native\c067742578af261105cb4f569cf0c3c89f3d7b1fecec35dd04571415982c5e48\windows-amd64\native-platform.dll
0x00007fff3f910000 - 0x00007fff3fa54000 	C:\Users\Profissional\.gradle\native\100fb08df4bc3b14c8652ba06237920a3bd2aa13389f12d3474272988ae205f9\windows-amd64\native-platform-file-events.dll
0x00007fff1ff70000 - 0x00007fff1ff79000 	C:\Program Files\Android\Android Studio\jbr\bin\management.dll
0x00007fff1ff60000 - 0x00007fff1ff6b000 	C:\Program Files\Android\Android Studio\jbr\bin\management_ext.dll
0x00007fff63570000 - 0x00007fff63578000 	C:\Windows\System32\PSAPI.DLL
0x00007fff60ca0000 - 0x00007fff60cb8000 	C:\Windows\SYSTEM32\CRYPTSP.dll
0x00007fff603c0000 - 0x00007fff603f8000 	C:\Windows\system32\rsaenh.dll
0x00007fff612d0000 - 0x00007fff612fe000 	C:\Windows\SYSTEM32\USERENV.dll
0x00007fff60c90000 - 0x00007fff60c9c000 	C:\Windows\SYSTEM32\CRYPTBASE.dll
0x00007fff60780000 - 0x00007fff607bb000 	C:\Windows\SYSTEM32\IPHLPAPI.DLL
0x00007fff62e40000 - 0x00007fff62e48000 	C:\Windows\System32\NSI.dll
0x00007fff209e0000 - 0x00007fff209e9000 	C:\Program Files\Android\Android Studio\jbr\bin\extnet.dll
0x00007fff21410000 - 0x00007fff21417000 	C:\Windows\system32\wshunix.dll

dbghelp: loaded successfully - version: 4.0.5 - missing functions: none
symbol engine: initialized successfully - sym options: 0x614 - pdb path: .;C:\Program Files\Android\Android Studio\jbr\bin;C:\Windows\SYSTEM32;C:\Windows\WinSxS\amd64_microsoft.windows.common-controls_6595b64144ccf1df_6.0.19041.5915_none_60b4b9d171f9c7c7;C:\Program Files\Android\Android Studio\jbr\bin\server;C:\Users\Profissional\.gradle\native\c067742578af261105cb4f569cf0c3c89f3d7b1fecec35dd04571415982c5e48\windows-amd64;C:\Users\Profissional\.gradle\native\100fb08df4bc3b14c8652ba06237920a3bd2aa13389f12d3474272988ae205f9\windows-amd64

VM Arguments:
jvm_args: --add-opens=java.base/java.lang=ALL-UNNAMED --add-opens=java.base/java.lang.invoke=ALL-UNNAMED --add-opens=java.base/java.util=ALL-UNNAMED --add-opens=java.prefs/java.util.prefs=ALL-UNNAMED --add-exports=jdk.compiler/com.sun.tools.javac.api=ALL-UNNAMED --add-exports=jdk.compiler/com.sun.tools.javac.util=ALL-UNNAMED --add-opens=java.base/java.util=ALL-UNNAMED --add-opens=java.prefs/java.util.prefs=ALL-UNNAMED --add-opens=java.base/java.nio.charset=ALL-UNNAMED --add-opens=java.base/java.net=ALL-UNNAMED --add-opens=java.base/java.util.concurrent.atomic=ALL-UNNAMED --add-opens=java.xml/javax.xml.namespace=ALL-UNNAMED -Xmx2048m -Dfile.encoding=UTF-8 -Duser.country=BR -Duser.language=pt -Duser.variant -javaagent:C:\Users\Profissional\.gradle\wrapper\dists\gradle-8.11.1-bin\bpt9gzteqjrbo1mjrsomdt32c\gradle-8.11.1\lib\agents\gradle-instrumentation-agent-8.11.1.jar 
java_command: org.gradle.launcher.daemon.bootstrap.GradleDaemon 8.11.1
java_class_path (initial): C:\Users\Profissional\.gradle\wrapper\dists\gradle-8.11.1-bin\bpt9gzteqjrbo1mjrsomdt32c\gradle-8.11.1\lib\gradle-daemon-main-8.11.1.jar
Launcher Type: SUN_STANDARD

[Global flags]
     intx CICompilerCount                          = 3                                         {product} {ergonomic}
     uint ConcGCThreads                            = 1                                         {product} {ergonomic}
     uint G1ConcRefinementThreads                  = 4                                         {product} {ergonomic}
   size_t G1HeapRegionSize                         = 1048576                                   {product} {ergonomic}
    uintx GCDrainStackTargetSize                   = 64                                        {product} {ergonomic}
   size_t InitialHeapSize                          = 67108864                                  {product} {ergonomic}
   size_t MarkStackSize                            = 4194304                                   {product} {ergonomic}
   size_t MaxHeapSize                              = 2147483648                                {product} {command line}
   size_t MaxNewSize                               = 1287651328                                {product} {ergonomic}
   size_t MinHeapDeltaBytes                        = 1048576                                   {product} {ergonomic}
   size_t MinHeapSize                              = 8388608                                   {product} {ergonomic}
    uintx NonNMethodCodeHeapSize                   = 5832780                                {pd product} {ergonomic}
    uintx NonProfiledCodeHeapSize                  = 122912730                              {pd product} {ergonomic}
    uintx ProfiledCodeHeapSize                     = 122912730                              {pd product} {ergonomic}
    uintx ReservedCodeCacheSize                    = 251658240                              {pd product} {ergonomic}
     bool SegmentedCodeCache                       = true                                      {product} {ergonomic}
   size_t SoftMaxHeapSize                          = 2147483648                             {manageable} {ergonomic}
     bool UseCompressedOops                        = true                           {product lp64_product} {ergonomic}
     bool UseG1GC                                  = true                                      {product} {ergonomic}
     bool UseLargePagesIndividualAllocation        = false                                  {pd product} {ergonomic}

Logging:
Log output configuration:
 #0: stdout all=warning uptime,level,tags foldmultilines=false
 #1: stderr all=off uptime,level,tags foldmultilines=false

Environment Variables:
PATH=C:\Program Files\Common Files\Oracle\Java\javapath;C:\Windows\system32;C:\Windows;C:\Windows\System32\Wbem;C:\Windows\System32\WindowsPowerShell\v1.0\;C:\Windows\System32\OpenSSH\;C:\Program Files\Git\cmd;C:\Users\Profissional\AppData\Local\Microsoft\WindowsApps;;C:\Program Files\JetBrains\IntelliJ IDEA Community Edition 2024.3\bin;;C:\Users\Profissional\AppData\Local\Programs\cursor\resources\app\bin
USERNAME=Profissional
OS=Windows_NT
PROCESSOR_IDENTIFIER=Intel64 Family 6 Model 61 Stepping 4, GenuineIntel
TMP=C:\Users\PROFIS~1\AppData\Local\Temp
TEMP=C:\Users\PROFIS~1\AppData\Local\Temp




Periodic native trim disabled

JNI global refs:
JNI global refs: 25, weak refs: 0

JNI global refs memory usage: 835, weak refs: 201

Process memory usage:
Resident Set Size: 161216K (3% of 4102772K total physical memory with 306284K free physical memory)

OOME stack traces (most recent first):
Classloader memory used:
Loader org.gradle.internal.classloader.VisitableURLClassLoader                         : 22889K
Loader bootstrap                                                                       : 21519K
Loader org.gradle.initialization.MixInLegacyTypesClassLoader                           : 4458K
Loader org.gradle.internal.classloader.VisitableURLClassLoader                         : 708K
Loader jdk.internal.loader.ClassLoaders$PlatformClassLoader                            : 537K
Loader jdk.internal.loader.ClassLoaders$AppClassLoader                                 : 234K
Loader jdk.internal.reflect.DelegatingClassLoader                                      : 154K
Loader org.gradle.groovy.scripts.internal.DefaultScriptCompilationHandler$ScriptClassLoader: 6632B

Classes loaded by more than one classloader:
Class org.gradle.api.GradleException                                                  : loaded 3 times (x 78B)
Class org.gradle.internal.classloader.FilteringClassLoader                            : loaded 2 times (x 101B)
Class org.gradle.internal.classloader.ClassLoaderHierarchy                            : loaded 2 times (x 66B)
Class org.gradle.api.internal.classpath.ManifestUtil                                  : loaded 2 times (x 67B)
Class org.gradle.internal.operations.MultipleBuildOperationFailures                   : loaded 2 times (x 91B)
Class org.gradle.internal.classloader.DefaultClassLoaderFactory                       : loaded 2 times (x 78B)
Class org.gradle.internal.classloader.ClassLoaderVisitor                              : loaded 2 times (x 72B)
Class org.gradle.api.internal.classpath.EffectiveClassPath                            : loaded 2 times (x 86B)
Class org.gradle.api.internal.DefaultClassPathProvider                                : loaded 2 times (x 72B)
Class [Lorg.gradle.api.internal.ClassPathProvider;                                    : loaded 2 times (x 65B)
Class org.gradle.api.internal.ClassPathProvider                                       : loaded 2 times (x 66B)
Class org.gradle.internal.service.UnknownServiceException                             : loaded 2 times (x 79B)
Class org.gradle.internal.classpath.TransformedClassPath                              : loaded 2 times (x 92B)
Class org.gradle.internal.classloader.InstrumentingClassLoader                        : loaded 2 times (x 66B)
Class org.gradle.internal.service.ServiceLocator                                      : loaded 2 times (x 66B)
Class org.gradle.internal.InternalTransformer                                         : loaded 2 times (x 66B)
Class org.gradle.internal.time.DefaultTimer                                           : loaded 2 times (x 76B)
Class org.gradle.internal.classloader.ClasspathUtil$1                                 : loaded 2 times (x 72B)
Class org.gradle.api.internal.classpath.DefaultModuleRegistry$DefaultModule           : loaded 2 times (x 82B)
Class org.gradle.internal.time.DefaultCountdownTimer                                  : loaded 2 times (x 84B)
Class kotlin.Function                                                                 : loaded 2 times (x 66B)
Class org.gradle.api.internal.classpath.Module                                        : loaded 2 times (x 66B)
Class org.gradle.api.internal.classpath.UnknownModuleException                        : loaded 2 times (x 78B)
Class org.gradle.api.internal.DefaultClassPathRegistry                                : loaded 2 times (x 72B)
Class org.gradle.api.internal.ClassPathRegistry                                       : loaded 2 times (x 66B)
Class org.gradle.internal.classpath.DefaultClassPath$ImmutableUniqueList              : loaded 2 times (x 195B)
Class org.gradle.internal.classpath.ClassPath                                         : loaded 2 times (x 66B)
Class org.gradle.api.UncheckedIOException                                             : loaded 2 times (x 78B)
Class kotlin.UninitializedPropertyAccessException                                     : loaded 2 times (x 78B)
Class org.gradle.internal.installation.GradleInstallation$1                           : loaded 2 times (x 71B)
Class org.gradle.api.internal.classpath.ModuleRegistry                                : loaded 2 times (x 66B)
Class org.gradle.api.internal.classpath.DefaultModuleRegistry                         : loaded 2 times (x 82B)
Class org.gradle.internal.time.MonotonicClock                                         : loaded 2 times (x 73B)
Class org.gradle.internal.service.ServiceLookupException                              : loaded 2 times (x 78B)
Class org.gradle.internal.classloader.ClassLoaderFactory                              : loaded 2 times (x 66B)
Class org.gradle.internal.service.CachingServiceLocator                               : loaded 2 times (x 78B)
Class org.gradle.internal.time.TimeSource                                             : loaded 2 times (x 66B)
Class org.gradle.internal.exceptions.ResolutionProvider                               : loaded 2 times (x 66B)
Class org.gradle.internal.classloader.ClasspathUtil                                   : loaded 2 times (x 67B)
Class org.gradle.internal.time.TimeSource$1                                           : loaded 2 times (x 73B)
Class org.gradle.api.specs.Spec                                                       : loaded 2 times (x 66B)
Class org.gradle.internal.time.Clock                                                  : loaded 2 times (x 66B)
Class org.gradle.internal.classloader.VisitableURLClassLoader$InstrumentingVisitableURLClassLoader: loaded 2 times (x 119B)
Class org.gradle.internal.classloader.VisitableURLClassLoader$Spec                    : loaded 2 times (x 70B)
Class org.gradle.internal.classpath.DefaultClassPath                                  : loaded 2 times (x 86B)
Class org.gradle.internal.classloader.ClassLoaderSpec                                 : loaded 2 times (x 67B)
Class org.gradle.internal.classloader.VisitableURLClassLoader                         : loaded 2 times (x 113B)
Class org.gradle.internal.Cast                                                        : loaded 2 times (x 67B)
Class org.gradle.api.Action                                                           : loaded 2 times (x 66B)
Class kotlin.jvm.functions.Function1                                                  : loaded 2 times (x 66B)
Class org.gradle.internal.classpath.DefaultClassPath$ImmutableUniqueList$Builder      : loaded 2 times (x 71B)
Class kotlin.NotImplementedError                                                      : loaded 2 times (x 78B)
Class org.gradle.internal.exceptions.NonGradleCauseExceptionsHolder                   : loaded 2 times (x 66B)
Class org.gradle.internal.IoActions                                                   : loaded 2 times (x 67B)
Class org.gradle.internal.classloader.SystemClassLoaderSpec                           : loaded 2 times (x 67B)
Class org.gradle.internal.exceptions.MultiCauseException                              : loaded 2 times (x 66B)
Class org.gradle.internal.time.CountdownTimer                                         : loaded 2 times (x 66B)
Class kotlin.jvm.internal.Intrinsics                                                  : loaded 2 times (x 67B)
Class org.gradle.tooling.model.ProjectModel                                           : loaded 2 times (x 66B)
Class kotlin.KotlinNullPointerException                                               : loaded 2 times (x 79B)
Class org.gradle.internal.exceptions.DefaultMultiCauseException                       : loaded 2 times (x 91B)
Class org.gradle.internal.time.Time                                                   : loaded 2 times (x 67B)
Class org.gradle.api.internal.classpath.GlobalCacheRootsProvider                      : loaded 2 times (x 66B)
Class org.gradle.internal.time.Timer                                                  : loaded 2 times (x 66B)
Class org.gradle.internal.installation.CurrentGradleInstallationLocator               : loaded 2 times (x 67B)
Class org.gradle.internal.service.DefaultServiceLocator                               : loaded 2 times (x 79B)
Class org.gradle.util.GradleVersion                                                   : loaded 2 times (x 79B)
Class org.gradle.internal.installation.CurrentGradleInstallation                      : loaded 2 times (x 69B)
Class org.gradle.util.internal.GUtil                                                  : loaded 2 times (x 67B)
Class org.gradle.internal.installation.GradleInstallation                             : loaded 2 times (x 71B)

---------------  S Y S T E M  ---------------

OS:
 Windows 10 , 64 bit Build 19041 (10.0.19041.5915)
OS uptime: 2 days 19:05 hours

CPU: total 4 (initial active 4) (2 cores per cpu, 2 threads per core) family 6 model 61 stepping 4 microcode 0x2d, cx8, cmov, fxsr, ht, mmx, 3dnowpref, sse, sse2, sse3, ssse3, sse4.1, sse4.2, popcnt, lzcnt, tsc, tscinvbit, avx, avx2, aes, erms, clmul, bmi1, bmi2, adx, fma, vzeroupper, clflush, rdtscp, f16c
Processor Information for all 4 processors :
  Max Mhz: 2000, Current Mhz: 1900, Mhz Limit: 1900

Memory: 4k page, system-wide physical 4006M (293M free)
TotalPageFile size 16294M (AvailPageFile size 18M)
current process WorkingSet (physical memory assigned to process): 157M, peak: 170M
current process commit charge ("private bytes"): 252M, peak: 268M

vm_info: OpenJDK 64-Bit Server VM (21.0.5+-13047016-b750.29) for windows-amd64 JRE (21.0.5+-13047016-b750.29), built on 2025-02-11T21:12:39Z by "builder" with MS VC++ 16.10 / 16.11 (VS2019)

END.
